<html>
<head>
<title>TestNG:  Surefire test</title>
<link href="../testng.css" rel="stylesheet" type="text/css" />
<link href="../my-testng.css" rel="stylesheet" type="text/css" />

<style type="text/css">
.log { display: none;} 
.stack-trace { display: none;} 
</style>
<script type="text/javascript">
<!--
function flip(e) {
  current = e.style.display;
  if (current == 'block') {
    e.style.display = 'none';
    return 0;
  }
  else {
    e.style.display = 'block';
    return 1;
  }
}

function toggleBox(szDivId, elem, msg1, msg2)
{
  var res = -1;  if (document.getElementById) {
    res = flip(document.getElementById(szDivId));
  }
  else if (document.all) {
    // this is the way old msie versions work
    res = flip(document.all[szDivId]);
  }
  if(elem) {
    if(res == 0) elem.innerHTML = msg1; else elem.innerHTML = msg2;
  }

}

function toggleAllBoxes() {
  if (document.getElementsByTagName) {
    d = document.getElementsByTagName('div');
    for (i = 0; i < d.length; i++) {
      if (d[i].className == 'log') {
        flip(d[i]);
      }
    }
  }
}

// -->
</script>

</head>
<body>
<h2 align='center'>Surefire test</h2><table border='1' align="center">
<tr>
<td>Tests passed/Failed/Skipped:</td><td>11/2/0</td>
</tr><tr>
<td>Started on:</td><td>Sun Jun 16 09:48:48 CEST 2019</td>
</tr>
<tr><td>Total time:</td><td>44 seconds (44512 ms)</td>
</tr><tr>
<td>Included groups:</td><td></td>
</tr><tr>
<td>Excluded groups:</td><td></td>
</tr>
</table><p/>
<small><i>(Hover the method name to see the test class name)</i></small><p/>
<table width='100%' border='1' class='invocation-failed'>
<tr><td colspan='4' align='center'><b>FAILED TESTS</b></td></tr>
<tr><td><b>Test method</b></td>
<td width="30%"><b>Exception</b></td>
<td width="10%"><b>Time (seconds)</b></td>
<td><b>Instance</b></td>
</tr>
<tr>
<td title='com.capgemini.tests.search.SearchArticlesTest.asCustomerSearchForArticle()'><b>asCustomerSearchForArticle</b><br>Test class: com.capgemini.tests.search.SearchArticlesTest</td>
<td><div><pre>java.lang.AssertionError: Article name should be Dress expected [Dress] but found [Printed Summer Dress]
	at com.capgemini.page.objects.SearchResultsPage.assertThatArticleNameIs_aroundBody0(SearchResultsPage.java:24)
	at com.capgemini.page.objects.SearchResultsPage$AjcClosure1.run(SearchResultsPage.java:1)
	at io.qameta.allure.aspects.StepsAspects.step(StepsAspects.java:51)
	at com.capgemini.page.objects.SearchResultsPage.assertThatArticleNameIs(SearchResultsPage.java:23)
	at com.capgemini.tests.search.SearchArticlesTest.asCustomerSearchForArticle(SearchArticlesTest.java:16)
... Removed 36 stack frames</pre></div><a href='#' onClick='toggleBox("stack-trace97733006", this, "Click to show all stack frames", "Click to hide stack frames")'>Click to show all stack frames</a>
<div class='stack-trace' id='stack-trace97733006'><pre>java.lang.AssertionError: Article name should be Dress expected [Dress] but found [Printed Summer Dress]
	at org.testng.Assert.fail(Assert.java:96)
	at org.testng.Assert.failNotEquals(Assert.java:776)
	at org.testng.Assert.assertEqualsImpl(Assert.java:137)
	at org.testng.Assert.assertEquals(Assert.java:118)
	at org.testng.Assert.assertEquals(Assert.java:453)
	at com.capgemini.page.objects.SearchResultsPage.assertThatArticleNameIs_aroundBody0(SearchResultsPage.java:24)
	at com.capgemini.page.objects.SearchResultsPage$AjcClosure1.run(SearchResultsPage.java:1)
	at org.aspectj.runtime.reflect.JoinPointImpl.proceed(JoinPointImpl.java:149)
	at io.qameta.allure.aspects.StepsAspects.step(StepsAspects.java:51)
	at com.capgemini.page.objects.SearchResultsPage.assertThatArticleNameIs(SearchResultsPage.java:23)
	at com.capgemini.tests.search.SearchArticlesTest.asCustomerSearchForArticle(SearchArticlesTest.java:16)
	at java.base/jdk.internal.reflect.NativeMethodAccessorImpl.invoke0(Native Method)
	at java.base/jdk.internal.reflect.NativeMethodAccessorImpl.invoke(NativeMethodAccessorImpl.java:62)
	at java.base/jdk.internal.reflect.DelegatingMethodAccessorImpl.invoke(DelegatingMethodAccessorImpl.java:43)
	at java.base/java.lang.reflect.Method.invoke(Method.java:564)
	at org.testng.internal.MethodInvocationHelper.invokeMethod(MethodInvocationHelper.java:124)
	at org.testng.internal.Invoker.invokeMethod(Invoker.java:583)
	at org.testng.internal.Invoker.invokeTestMethod(Invoker.java:719)
	at org.testng.internal.Invoker.invokeTestMethods(Invoker.java:989)
	at org.testng.internal.TestMethodWorker.invokeTestMethods(TestMethodWorker.java:125)
	at org.testng.internal.TestMethodWorker.run(TestMethodWorker.java:109)
	at org.testng.TestRunner.privateRun(TestRunner.java:648)
	at org.testng.TestRunner.run(TestRunner.java:505)
	at org.testng.SuiteRunner.runTest(SuiteRunner.java:455)
	at org.testng.SuiteRunner.runSequentially(SuiteRunner.java:450)
	at org.testng.SuiteRunner.privateRun(SuiteRunner.java:415)
	at org.testng.SuiteRunner.run(SuiteRunner.java:364)
	at org.testng.SuiteRunnerWorker.runSuite(SuiteRunnerWorker.java:52)
	at org.testng.SuiteRunnerWorker.run(SuiteRunnerWorker.java:84)
	at org.testng.TestNG.runSuitesSequentially(TestNG.java:1208)
	at org.testng.TestNG.runSuitesLocally(TestNG.java:1137)
	at org.testng.TestNG.runSuites(TestNG.java:1049)
	at org.testng.TestNG.run(TestNG.java:1017)
	at org.apache.maven.surefire.testng.TestNGExecutor.run(TestNGExecutor.java:135)
	at org.apache.maven.surefire.testng.TestNGDirectoryTestSuite.executeMulti(TestNGDirectoryTestSuite.java:193)
	at org.apache.maven.surefire.testng.TestNGDirectoryTestSuite.execute(TestNGDirectoryTestSuite.java:94)
	at org.apache.maven.surefire.testng.TestNGProvider.invoke(TestNGProvider.java:146)
	at org.apache.maven.surefire.booter.ForkedBooter.invokeProviderInSameClassLoader(ForkedBooter.java:379)
	at org.apache.maven.surefire.booter.ForkedBooter.runSuitesInProcess(ForkedBooter.java:340)
	at org.apache.maven.surefire.booter.ForkedBooter.execute(ForkedBooter.java:125)
	at org.apache.maven.surefire.booter.ForkedBooter.main(ForkedBooter.java:413)
</pre></div></td>
<td>5</td>
<td>com.capgemini.tests.search.SearchArticlesTest@2873d672</td></tr>
<tr>
<td title='com.capgemini.rest.tests.initial.GetApiTest.getApiTest()'><b>getApiTest</b><br>Test class: com.capgemini.rest.tests.initial.GetApiTest</td>
<td><div><pre>java.lang.AssertionError: 1 expectation failed.
Expected status code &lt;200&gt; but was &lt;404&gt;.

	at org.codehaus.groovy.runtime.callsite.ConstructorSite$ConstructorSiteNoUnwrap.callConstructor(ConstructorSite.java:84)
	at org.codehaus.groovy.runtime.callsite.CallSiteArray.defaultCallConstructor(CallSiteArray.java:59)
	at org.codehaus.groovy.runtime.callsite.AbstractCallSite.callConstructor(AbstractCallSite.java:238)
	at org.codehaus.groovy.runtime.callsite.AbstractCallSite.callConstructor(AbstractCallSite.java:250)
	at io.restassured.internal.ResponseSpecificationImpl$HamcrestAssertionClosure.validate(ResponseSpecificationImpl.groovy:483)
	at io.restassured.internal.ResponseSpecificationImpl$HamcrestAssertionClosure$validate$1.call(Unknown Source)
	at io.restassured.internal.ResponseSpecificationImpl.validateResponseIfRequired(ResponseSpecificationImpl.groovy:655)
	at org.codehaus.groovy.runtime.callsite.PogoMetaMethodSite$PogoCachedMethodSiteNoUnwrapNoCoerce.invoke(PogoMetaMethodSite.java:210)
	at org.codehaus.groovy.runtime.callsite.PogoMetaMethodSite.callCurrent(PogoMetaMethodSite.java:59)
	at org.codehaus.groovy.runtime.callsite.AbstractCallSite.callCurrent(AbstractCallSite.java:169)
	at io.restassured.internal.ResponseSpecificationImpl.statusCode(ResponseSpecificationImpl.groovy:123)
	at io.restassured.specification.ResponseSpecification$statusCode$0.callCurrent(Unknown Source)
	at io.restassured.internal.ResponseSpecificationImpl.statusCode(ResponseSpecificationImpl.groovy:131)
	at io.restassured.internal.ValidatableResponseOptionsImpl.statusCode(ValidatableResponseOptionsImpl.java:119)
	at com.capgemini.rest.tests.initial.GetApiTest.getApiTest(GetApiTest.java:23)
... Removed 40 stack frames</pre></div><a href='#' onClick='toggleBox("stack-trace128363119", this, "Click to show all stack frames", "Click to hide stack frames")'>Click to show all stack frames</a>
<div class='stack-trace' id='stack-trace128363119'><pre>java.lang.AssertionError: 1 expectation failed.
Expected status code &lt;200&gt; but was &lt;404&gt;.

	at java.base/jdk.internal.reflect.NativeConstructorAccessorImpl.newInstance0(Native Method)
	at java.base/jdk.internal.reflect.NativeConstructorAccessorImpl.newInstance(NativeConstructorAccessorImpl.java:62)
	at java.base/jdk.internal.reflect.DelegatingConstructorAccessorImpl.newInstance(DelegatingConstructorAccessorImpl.java:45)
	at java.base/java.lang.reflect.Constructor.newInstance(Constructor.java:488)
	at org.codehaus.groovy.reflection.CachedConstructor.invoke(CachedConstructor.java:83)
	at org.codehaus.groovy.reflection.CachedConstructor.doConstructorInvoke(CachedConstructor.java:77)
	at org.codehaus.groovy.runtime.callsite.ConstructorSite$ConstructorSiteNoUnwrap.callConstructor(ConstructorSite.java:84)
	at org.codehaus.groovy.runtime.callsite.CallSiteArray.defaultCallConstructor(CallSiteArray.java:59)
	at org.codehaus.groovy.runtime.callsite.AbstractCallSite.callConstructor(AbstractCallSite.java:238)
	at org.codehaus.groovy.runtime.callsite.AbstractCallSite.callConstructor(AbstractCallSite.java:250)
	at io.restassured.internal.ResponseSpecificationImpl$HamcrestAssertionClosure.validate(ResponseSpecificationImpl.groovy:483)
	at io.restassured.internal.ResponseSpecificationImpl$HamcrestAssertionClosure$validate$1.call(Unknown Source)
	at io.restassured.internal.ResponseSpecificationImpl.validateResponseIfRequired(ResponseSpecificationImpl.groovy:655)
	at java.base/jdk.internal.reflect.NativeMethodAccessorImpl.invoke0(Native Method)
	at java.base/jdk.internal.reflect.NativeMethodAccessorImpl.invoke(NativeMethodAccessorImpl.java:62)
	at java.base/jdk.internal.reflect.DelegatingMethodAccessorImpl.invoke(DelegatingMethodAccessorImpl.java:43)
	at java.base/java.lang.reflect.Method.invoke(Method.java:564)
	at org.codehaus.groovy.runtime.callsite.PogoMetaMethodSite$PogoCachedMethodSiteNoUnwrapNoCoerce.invoke(PogoMetaMethodSite.java:210)
	at org.codehaus.groovy.runtime.callsite.PogoMetaMethodSite.callCurrent(PogoMetaMethodSite.java:59)
	at org.codehaus.groovy.runtime.callsite.AbstractCallSite.callCurrent(AbstractCallSite.java:169)
	at io.restassured.internal.ResponseSpecificationImpl.statusCode(ResponseSpecificationImpl.groovy:123)
	at io.restassured.specification.ResponseSpecification$statusCode$0.callCurrent(Unknown Source)
	at io.restassured.internal.ResponseSpecificationImpl.statusCode(ResponseSpecificationImpl.groovy:131)
	at io.restassured.internal.ValidatableResponseOptionsImpl.statusCode(ValidatableResponseOptionsImpl.java:119)
	at com.capgemini.rest.tests.initial.GetApiTest.getApiTest(GetApiTest.java:23)
	at java.base/jdk.internal.reflect.NativeMethodAccessorImpl.invoke0(Native Method)
	at java.base/jdk.internal.reflect.NativeMethodAccessorImpl.invoke(NativeMethodAccessorImpl.java:62)
	at java.base/jdk.internal.reflect.DelegatingMethodAccessorImpl.invoke(DelegatingMethodAccessorImpl.java:43)
	at java.base/java.lang.reflect.Method.invoke(Method.java:564)
	at org.testng.internal.MethodInvocationHelper.invokeMethod(MethodInvocationHelper.java:124)
	at org.testng.internal.Invoker.invokeMethod(Invoker.java:583)
	at org.testng.internal.Invoker.invokeTestMethod(Invoker.java:719)
	at org.testng.internal.Invoker.invokeTestMethods(Invoker.java:989)
	at org.testng.internal.TestMethodWorker.invokeTestMethods(TestMethodWorker.java:125)
	at org.testng.internal.TestMethodWorker.run(TestMethodWorker.java:109)
	at org.testng.TestRunner.privateRun(TestRunner.java:648)
	at org.testng.TestRunner.run(TestRunner.java:505)
	at org.testng.SuiteRunner.runTest(SuiteRunner.java:455)
	at org.testng.SuiteRunner.runSequentially(SuiteRunner.java:450)
	at org.testng.SuiteRunner.privateRun(SuiteRunner.java:415)
	at org.testng.SuiteRunner.run(SuiteRunner.java:364)
	at org.testng.SuiteRunnerWorker.runSuite(SuiteRunnerWorker.java:52)
	at org.testng.SuiteRunnerWorker.run(SuiteRunnerWorker.java:84)
	at org.testng.TestNG.runSuitesSequentially(TestNG.java:1208)
	at org.testng.TestNG.runSuitesLocally(TestNG.java:1137)
	at org.testng.TestNG.runSuites(TestNG.java:1049)
	at org.testng.TestNG.run(TestNG.java:1017)
	at org.apache.maven.surefire.testng.TestNGExecutor.run(TestNGExecutor.java:135)
	at org.apache.maven.surefire.testng.TestNGDirectoryTestSuite.executeMulti(TestNGDirectoryTestSuite.java:193)
	at org.apache.maven.surefire.testng.TestNGDirectoryTestSuite.execute(TestNGDirectoryTestSuite.java:94)
	at org.apache.maven.surefire.testng.TestNGProvider.invoke(TestNGProvider.java:146)
	at org.apache.maven.surefire.booter.ForkedBooter.invokeProviderInSameClassLoader(ForkedBooter.java:379)
	at org.apache.maven.surefire.booter.ForkedBooter.runSuitesInProcess(ForkedBooter.java:340)
	at org.apache.maven.surefire.booter.ForkedBooter.execute(ForkedBooter.java:125)
	at org.apache.maven.surefire.booter.ForkedBooter.main(ForkedBooter.java:413)
</pre></div></td>
<td>0</td>
<td>com.capgemini.rest.tests.initial.GetApiTest@6d64b553</td></tr>
</table><p>
<table width='100%' border='1' class='invocation-passed'>
<tr><td colspan='4' align='center'><b>PASSED TESTS</b></td></tr>
<tr><td><b>Test method</b></td>
<td width="30%"><b>Exception</b></td>
<td width="10%"><b>Time (seconds)</b></td>
<td><b>Instance</b></td>
</tr>
<tr>
<td title='com.capgemini.tests.petstore.search.PetStoreSearchTests.asNonRegisteredUserSearchForArticleInPetStoreTest()'><b>asNonRegisteredUserSearchForArticleInPetStoreTest</b><br>Test class: com.capgemini.tests.petstore.search.PetStoreSearchTests<br>Parameters: Fish, [Goldfish, Angelfish]</td>
<td></td>
<td>1</td>
<td>com.capgemini.tests.petstore.search.PetStoreSearchTests@464a4442</td></tr>
<tr>
<td title='com.capgemini.tests.petstore.search.PetStoreSearchTests.asNonRegisteredUserSearchForArticleInPetStoreTest()'><b>asNonRegisteredUserSearchForArticleInPetStoreTest</b><br>Test class: com.capgemini.tests.petstore.search.PetStoreSearchTests<br>Parameters: Retriever, [Golden Retriever, Labrador Retriever]</td>
<td></td>
<td>0</td>
<td>com.capgemini.tests.petstore.search.PetStoreSearchTests@464a4442</td></tr>
<tr>
<td title='com.capgemini.rest.tests.better.CreatePetTests.asUserCreateNewPetTest()'><b>asUserCreateNewPetTest</b><br>Test class: com.capgemini.rest.tests.better.CreatePetTests</td>
<td></td>
<td>3</td>
<td>com.capgemini.rest.tests.better.CreatePetTests@203dd56b</td></tr>
<tr>
<td title='com.capgemini.rest.tests.better.CreatePetTests.asUserDeleteCreatedPetTest()'><b>asUserDeleteCreatedPetTest</b><br>Test class: com.capgemini.rest.tests.better.CreatePetTests</td>
<td></td>
<td>0</td>
<td>com.capgemini.rest.tests.better.CreatePetTests@203dd56b</td></tr>
<tr>
<td title='com.capgemini.rest.tests.better.CreatePetTests.asUserGetCreatedPetTest()'><b>asUserGetCreatedPetTest</b><br>Test class: com.capgemini.rest.tests.better.CreatePetTests</td>
<td></td>
<td>0</td>
<td>com.capgemini.rest.tests.better.CreatePetTests@203dd56b</td></tr>
<tr>
<td title='com.capgemini.tests.login.LoginTest.asUserTryToLoginWithIncorrectCredentialsTest()'><b>asUserTryToLoginWithIncorrectCredentialsTest</b><br>Test class: com.capgemini.tests.login.LoginTest</td>
<td></td>
<td>4</td>
<td>com.capgemini.tests.login.LoginTest@6eafb10e</td></tr>
<tr>
<td title='com.capgemini.rest.tests.better.CreatePetTests.asUserUpdateCreatedPetTest()'><b>asUserUpdateCreatedPetTest</b><br>Test class: com.capgemini.rest.tests.better.CreatePetTests</td>
<td></td>
<td>0</td>
<td>com.capgemini.rest.tests.better.CreatePetTests@203dd56b</td></tr>
<tr>
<td title='com.capgemini.rest.tests.initial.DeleteApiTest.deleteApiTest()'><b>deleteApiTest</b><br>Test class: com.capgemini.rest.tests.initial.DeleteApiTest</td>
<td></td>
<td>0</td>
<td>com.capgemini.rest.tests.initial.DeleteApiTest@e8fadb0</td></tr>
<tr>
<td title='com.capgemini.tests.other.MyFirstTest.myFirstTest()'><b>myFirstTest</b><br>Test class: com.capgemini.tests.other.MyFirstTest</td>
<td></td>
<td>2</td>
<td>com.capgemini.tests.other.MyFirstTest@26a94fa5</td></tr>
<tr>
<td title='com.capgemini.rest.tests.initial.PostApiTest.postApiTest()'><b>postApiTest</b><br>Test class: com.capgemini.rest.tests.initial.PostApiTest</td>
<td></td>
<td>0</td>
<td>com.capgemini.rest.tests.initial.PostApiTest@53667cbe</td></tr>
<tr>
<td title='com.capgemini.rest.tests.initial.PutApiTest.putApiTest()'><b>putApiTest</b><br>Test class: com.capgemini.rest.tests.initial.PutApiTest</td>
<td></td>
<td>0</td>
<td>com.capgemini.rest.tests.initial.PutApiTest@1d3e6d34</td></tr>
</table><p>
</body>
</html>