<?xml version="1.0" encoding="UTF-8"?>
<!-- Generated by org.testng.reporters.JUnitXMLReporter -->
<testsuite ignored="2" hostname="Battlestar" failures="2" tests="13" name="Surefire test" time="44.512" errors="0" timestamp="16 cze 2019 07:49:32 GMT">
  <testcase classname="com.capgemini.rest.tests.better.CreatePetTests" name="asUserCreateNewPetTest" time="3.812"/>
  <testcase classname="com.capgemini.tests.petstore.search.PetStoreSearchTests" name="asNonRegisteredUserSearchForArticleInPetStoreTest" time="1.055"/>
  <testcase classname="com.capgemini.tests.petstore.search.PetStoreSearchTests" name="asNonRegisteredUserSearchForArticleInPetStoreTest" time="0.757"/>
  <testcase classname="com.capgemini.rest.tests.better.CreatePetTests" name="asUserGetCreatedPetTest" time="0.793"/>
  <testcase classname="com.capgemini.tests.search.SearchArticlesTest" name="asCustomerSearchForArticle" time="5.834">
    <failure type="java.lang.AssertionError" message="Article name should be Dress expected [Dress] but found [Printed Summer Dress]">
      <![CDATA[java.lang.AssertionError: Article name should be Dress expected [Dress] but found [Printed Summer Dress]
at com.capgemini.page.objects.SearchResultsPage.assertThatArticleNameIs_aroundBody0(SearchResultsPage.java:24)
at com.capgemini.page.objects.SearchResultsPage$AjcClosure1.run(SearchResultsPage.java:1)
at io.qameta.allure.aspects.StepsAspects.step(StepsAspects.java:51)
at com.capgemini.page.objects.SearchResultsPage.assertThatArticleNameIs(SearchResultsPage.java:23)
at com.capgemini.tests.search.SearchArticlesTest.asCustomerSearchForArticle(SearchArticlesTest.java:16)
... Removed 36 stack frames]]>
    </failure>
  </testcase> <!-- asCustomerSearchForArticle -->
  <testcase classname="com.capgemini.rest.tests.better.CreatePetTests" name="asUserUpdateCreatedPetTest" time="0.941"/>
  <testcase classname="com.capgemini.rest.tests.better.CreatePetTests" name="asUserDeleteCreatedPetTest" time="0.709"/>
  <testcase classname="com.capgemini.rest.tests.initial.DeleteApiTest" name="deleteApiTest" time="0.643"/>
  <testcase classname="com.capgemini.rest.tests.initial.GetApiTest" name="getApiTest" time="0.675">
    <failure type="java.lang.AssertionError" message="1 expectation failed.
Expected status code &amp;lt;200&amp;gt; but was &amp;lt;404&amp;gt;.
">
      <![CDATA[java.lang.AssertionError: 1 expectation failed.
Expected status code <200> but was <404>.

at org.codehaus.groovy.runtime.callsite.ConstructorSite$ConstructorSiteNoUnwrap.callConstructor(ConstructorSite.java:84)
at org.codehaus.groovy.runtime.callsite.CallSiteArray.defaultCallConstructor(CallSiteArray.java:59)
at org.codehaus.groovy.runtime.callsite.AbstractCallSite.callConstructor(AbstractCallSite.java:238)
at org.codehaus.groovy.runtime.callsite.AbstractCallSite.callConstructor(AbstractCallSite.java:250)
at io.restassured.internal.ResponseSpecificationImpl$HamcrestAssertionClosure.validate(ResponseSpecificationImpl.groovy:483)
at io.restassured.internal.ResponseSpecificationImpl$HamcrestAssertionClosure$validate$1.call(Unknown Source)
at io.restassured.internal.ResponseSpecificationImpl.validateResponseIfRequired(ResponseSpecificationImpl.groovy:655)
at org.codehaus.groovy.runtime.callsite.PogoMetaMethodSite$PogoCachedMethodSiteNoUnwrapNoCoerce.invoke(PogoMetaMethodSite.java:210)
at org.codehaus.groovy.runtime.callsite.PogoMetaMethodSite.callCurrent(PogoMetaMethodSite.java:59)
at org.codehaus.groovy.runtime.callsite.AbstractCallSite.callCurrent(AbstractCallSite.java:169)
at io.restassured.internal.ResponseSpecificationImpl.statusCode(ResponseSpecificationImpl.groovy:123)
at io.restassured.specification.ResponseSpecification$statusCode$0.callCurrent(Unknown Source)
at io.restassured.internal.ResponseSpecificationImpl.statusCode(ResponseSpecificationImpl.groovy:131)
at io.restassured.internal.ValidatableResponseOptionsImpl.statusCode(ValidatableResponseOptionsImpl.java:119)
at com.capgemini.rest.tests.initial.GetApiTest.getApiTest(GetApiTest.java:23)
... Removed 40 stack frames]]>
    </failure>
  </testcase> <!-- getApiTest -->
  <testcase classname="com.capgemini.rest.tests.initial.PostApiTest" name="postApiTest" time="0.676"/>
  <testcase classname="com.capgemini.rest.tests.initial.PutApiTest" name="putApiTest" time="0.654"/>
  <testcase classname="com.capgemini.tests.login.LoginTest" name="asUserTryToLoginWithIncorrectCredentialsTest" time="4.27"/>
  <testcase classname="com.capgemini.tests.other.MyFirstTest" name="myFirstTest" time="2.828"/>
  <testcase classname="com.capgemini.tests.other.TableSortingExampleTest" name="sortingTableTest" time="0.0">
    <ignored/>
  </testcase> <!-- sortingTableTest -->
  <testcase classname="com.capgemini.tests.other.SelectTest" name="selectTest" time="0.0">
    <ignored/>
  </testcase> <!-- selectTest -->
</testsuite> <!-- Surefire test -->
