<!DOCTYPE html PUBLIC "-//W3C//DTD XHTML 1.1//EN" "http://www.w3.org/TR/xhtml11/DTD/xhtml11.dtd">
<html xmlns="http://www.w3.org/1999/xhtml">
<head>
<meta http-equiv="content-type" content="text/html; charset=UTF-8"/>
<title>TestNG Report</title>
<style type="text/css">table {margin-bottom:10px;border-collapse:collapse;empty-cells:show}th,td {border:1px solid #009;padding:.25em .5em}th {vertical-align:bottom}td {vertical-align:top}table a {font-weight:bold}.stripe td {background-color: #E6EBF9}.num {text-align:right}.passedodd td {background-color: #3F3}.passedeven td {background-color: #0A0}.skippedodd td {background-color: #DDD}.skippedeven td {background-color: #CCC}.failedodd td,.attn {background-color: #F33}.failedeven td,.stripe .attn {background-color: #D00}.stacktrace {white-space:pre;font-family:monospace}.totop {font-size:85%;text-align:center;border-bottom:2px solid #000}.invisible {display:none}</style>
</head>
<body>
<table>
<tr><th>Test</th><th># Passed</th><th># Skipped</th><th># Failed</th><th>Time (ms)</th><th>Included Groups</th><th>Excluded Groups</th></tr>
<tr><th colspan="7">Surefire suite</th></tr>
<tr><td><a href="#t0">Surefire test</a></td><td class="num">11</td><td class="num">0</td><td class="num attn">2</td><td class="num">44Â 512</td><td></td><td></td></tr>
</table>
<table id='summary'><thead><tr><th>Class</th><th>Method</th><th>Start</th><th>Time (ms)</th></tr></thead><tbody><tr><th colspan="4">Surefire suite</th></tr></tbody><tbody id="t0"><tr><th colspan="4">Surefire test &#8212; failed</th></tr><tr class="failedeven"><td rowspan="1">com.capgemini.rest.tests.initial.GetApiTest</td><td><a href="#m0">getApiTest</a></td><td rowspan="1">1560671356693</td><td rowspan="1">675</td></tr><tr class="failedodd"><td rowspan="1">com.capgemini.tests.search.SearchArticlesTest</td><td><a href="#m1">asCustomerSearchForArticle</a></td><td rowspan="1">1560671347236</td><td rowspan="1">5834</td></tr><tr><th colspan="4">Surefire test &#8212; passed</th></tr><tr class="passedeven"><td rowspan="4">com.capgemini.rest.tests.better.CreatePetTests</td><td><a href="#m2">asUserCreateNewPetTest</a></td><td rowspan="1">1560671328715</td><td rowspan="1">3812</td></tr><tr class="passedeven"><td><a href="#m3">asUserDeleteCreatedPetTest</a></td><td rowspan="1">1560671354686</td><td rowspan="1">709</td></tr><tr class="passedeven"><td><a href="#m4">asUserGetCreatedPetTest</a></td><td rowspan="1">1560671343408</td><td rowspan="1">793</td></tr><tr class="passedeven"><td><a href="#m5">asUserUpdateCreatedPetTest</a></td><td rowspan="1">1560671353741</td><td rowspan="1">941</td></tr><tr class="passedodd"><td rowspan="1">com.capgemini.rest.tests.initial.DeleteApiTest</td><td><a href="#m6">deleteApiTest</a></td><td rowspan="1">1560671356048</td><td rowspan="1">643</td></tr><tr class="passedeven"><td rowspan="1">com.capgemini.rest.tests.initial.PostApiTest</td><td><a href="#m7">postApiTest</a></td><td rowspan="1">1560671357371</td><td rowspan="1">676</td></tr><tr class="passedodd"><td rowspan="1">com.capgemini.rest.tests.initial.PutApiTest</td><td><a href="#m8">putApiTest</a></td><td rowspan="1">1560671358682</td><td rowspan="1">654</td></tr><tr class="passedeven"><td rowspan="1">com.capgemini.tests.login.LoginTest</td><td><a href="#m9">asUserTryToLoginWithIncorrectCredentialsTest</a></td><td rowspan="1">1560671362386</td><td rowspan="1">4270</td></tr><tr class="passedodd"><td rowspan="1">com.capgemini.tests.other.MyFirstTest</td><td><a href="#m10">myFirstTest</a></td><td rowspan="1">1560671369319</td><td rowspan="1">2828</td></tr><tr class="passedeven"><td rowspan="2">com.capgemini.tests.petstore.search.PetStoreSearchTests</td><td><a href="#m11">asNonRegisteredUserSearchForArticleInPetStoreTest</a></td><td rowspan="2">1560671337224</td><td rowspan="2">1055</td></tr><tr class="passedeven"><td><a href="#m12">asNonRegisteredUserSearchForArticleInPetStoreTest</a></td></tr></tbody>
</table>
<h2>Surefire test</h2><h3 id="m0">com.capgemini.rest.tests.initial.GetApiTest#getApiTest</h3><table class="result"><tr><th>Exception</th></tr><tr><td><div class="stacktrace">java.lang.AssertionError: 1 expectation failed.
Expected status code &lt;200&gt; but was &lt;404&gt;.

	at org.codehaus.groovy.runtime.callsite.ConstructorSite$ConstructorSiteNoUnwrap.callConstructor(ConstructorSite.java:84)
	at org.codehaus.groovy.runtime.callsite.CallSiteArray.defaultCallConstructor(CallSiteArray.java:59)
	at org.codehaus.groovy.runtime.callsite.AbstractCallSite.callConstructor(AbstractCallSite.java:238)
	at org.codehaus.groovy.runtime.callsite.AbstractCallSite.callConstructor(AbstractCallSite.java:250)
	at io.restassured.internal.ResponseSpecificationImpl$HamcrestAssertionClosure.validate(ResponseSpecificationImpl.groovy:483)
	at io.restassured.internal.ResponseSpecificationImpl$HamcrestAssertionClosure$validate$1.call(Unknown Source)
	at io.restassured.internal.ResponseSpecificationImpl.validateResponseIfRequired(ResponseSpecificationImpl.groovy:655)
	at org.codehaus.groovy.runtime.callsite.PogoMetaMethodSite$PogoCachedMethodSiteNoUnwrapNoCoerce.invoke(PogoMetaMethodSite.java:210)
	at org.codehaus.groovy.runtime.callsite.PogoMetaMethodSite.callCurrent(PogoMetaMethodSite.java:59)
	at org.codehaus.groovy.runtime.callsite.AbstractCallSite.callCurrent(AbstractCallSite.java:169)
	at io.restassured.internal.ResponseSpecificationImpl.statusCode(ResponseSpecificationImpl.groovy:123)
	at io.restassured.specification.ResponseSpecification$statusCode$0.callCurrent(Unknown Source)
	at io.restassured.internal.ResponseSpecificationImpl.statusCode(ResponseSpecificationImpl.groovy:131)
	at io.restassured.internal.ValidatableResponseOptionsImpl.statusCode(ValidatableResponseOptionsImpl.java:119)
	at com.capgemini.rest.tests.initial.GetApiTest.getApiTest(GetApiTest.java:23)
... Removed 40 stack frames</div></td></tr></table><p class="totop"><a href="#summary">back to summary</a></p>
<h3 id="m1">com.capgemini.tests.search.SearchArticlesTest#asCustomerSearchForArticle</h3><table class="result"><tr><th>Exception</th></tr><tr><td><div class="stacktrace">java.lang.AssertionError: Article name should be Dress expected [Dress] but found [Printed Summer Dress]
	at com.capgemini.page.objects.SearchResultsPage.assertThatArticleNameIs_aroundBody0(SearchResultsPage.java:24)
	at com.capgemini.page.objects.SearchResultsPage$AjcClosure1.run(SearchResultsPage.java:1)
	at io.qameta.allure.aspects.StepsAspects.step(StepsAspects.java:51)
	at com.capgemini.page.objects.SearchResultsPage.assertThatArticleNameIs(SearchResultsPage.java:23)
	at com.capgemini.tests.search.SearchArticlesTest.asCustomerSearchForArticle(SearchArticlesTest.java:16)
... Removed 36 stack frames</div></td></tr></table><p class="totop"><a href="#summary">back to summary</a></p>
<h3 id="m2">com.capgemini.rest.tests.better.CreatePetTests#asUserCreateNewPetTest</h3><table class="result"><tr><th class="invisible"/></tr></table><p class="totop"><a href="#summary">back to summary</a></p>
<h3 id="m3">com.capgemini.rest.tests.better.CreatePetTests#asUserDeleteCreatedPetTest</h3><table class="result"><tr><th class="invisible"/></tr></table><p class="totop"><a href="#summary">back to summary</a></p>
<h3 id="m4">com.capgemini.rest.tests.better.CreatePetTests#asUserGetCreatedPetTest</h3><table class="result"><tr><th class="invisible"/></tr></table><p class="totop"><a href="#summary">back to summary</a></p>
<h3 id="m5">com.capgemini.rest.tests.better.CreatePetTests#asUserUpdateCreatedPetTest</h3><table class="result"><tr><th class="invisible"/></tr></table><p class="totop"><a href="#summary">back to summary</a></p>
<h3 id="m6">com.capgemini.rest.tests.initial.DeleteApiTest#deleteApiTest</h3><table class="result"><tr><th class="invisible"/></tr></table><p class="totop"><a href="#summary">back to summary</a></p>
<h3 id="m7">com.capgemini.rest.tests.initial.PostApiTest#postApiTest</h3><table class="result"><tr><th class="invisible"/></tr></table><p class="totop"><a href="#summary">back to summary</a></p>
<h3 id="m8">com.capgemini.rest.tests.initial.PutApiTest#putApiTest</h3><table class="result"><tr><th class="invisible"/></tr></table><p class="totop"><a href="#summary">back to summary</a></p>
<h3 id="m9">com.capgemini.tests.login.LoginTest#asUserTryToLoginWithIncorrectCredentialsTest</h3><table class="result"><tr><th class="invisible"/></tr></table><p class="totop"><a href="#summary">back to summary</a></p>
<h3 id="m10">com.capgemini.tests.other.MyFirstTest#myFirstTest</h3><table class="result"><tr><th class="invisible"/></tr></table><p class="totop"><a href="#summary">back to summary</a></p>
<h3 id="m11">com.capgemini.tests.petstore.search.PetStoreSearchTests#asNonRegisteredUserSearchForArticleInPetStoreTest</h3><table class="result"><tr class="param"><th>Parameter #1</th><th>Parameter #2</th></tr><tr class="param stripe"><td>Fish</td><td>[Goldfish, Angelfish]</td></tr></table><p class="totop"><a href="#summary">back to summary</a></p>
<h3 id="m12">com.capgemini.tests.petstore.search.PetStoreSearchTests#asNonRegisteredUserSearchForArticleInPetStoreTest</h3><table class="result"><tr class="param"><th>Parameter #1</th><th>Parameter #2</th></tr><tr class="param stripe"><td>Retriever</td><td>[Golden Retriever, Labrador Retriever]</td></tr></table><p class="totop"><a href="#summary">back to summary</a></p>
</body>
</html>
