<?xml version="1.0" encoding="UTF-8"?>
<testng-results ignored="2" total="15" passed="11" failed="2" skipped="0">
  <reporter-output>
  </reporter-output>
  <suite started-at="2019-06-16T07:48:48Z" name="Surefire suite" finished-at="2019-06-16T07:49:32Z" duration-ms="44512">
    <groups>
    </groups>
    <test started-at="2019-06-16T07:48:48Z" name="Surefire test" finished-at="2019-06-16T07:49:32Z" duration-ms="44512">
      <class name="com.capgemini.tests.other.MyFirstTest">
        <test-method is-config="true" signature="setup()[pri:0, instance:com.capgemini.tests.other.MyFirstTest@26a94fa5]" started-at="2019-06-16T07:49:27Z" name="setup" finished-at="2019-06-16T07:49:29Z" duration-ms="1974" status="PASS">
          <reporter-output>
          </reporter-output>
        </test-method> <!-- setup -->
        <test-method signature="myFirstTest()[pri:0, instance:com.capgemini.tests.other.MyFirstTest@26a94fa5]" started-at="2019-06-16T07:49:29Z" name="myFirstTest" finished-at="2019-06-16T07:49:32Z" duration-ms="2828" status="PASS">
          <reporter-output>
          </reporter-output>
        </test-method> <!-- myFirstTest -->
        <test-method is-config="true" signature="tearDown()[pri:0, instance:com.capgemini.tests.other.MyFirstTest@26a94fa5]" started-at="2019-06-16T07:49:32Z" name="tearDown" finished-at="2019-06-16T07:49:32Z" duration-ms="649" status="PASS">
          <reporter-output>
          </reporter-output>
        </test-method> <!-- tearDown -->
      </class> <!-- com.capgemini.tests.other.MyFirstTest -->
      <class name="com.capgemini.rest.tests.initial.DeleteApiTest">
        <test-method is-config="true" signature="beforeMethod()[pri:0, instance:com.capgemini.rest.tests.initial.DeleteApiTest@e8fadb0]" started-at="2019-06-16T07:49:15Z" name="beforeMethod" finished-at="2019-06-16T07:49:16Z" duration-ms="650" status="PASS">
          <reporter-output>
          </reporter-output>
        </test-method> <!-- beforeMethod -->
        <test-method signature="deleteApiTest()[pri:0, instance:com.capgemini.rest.tests.initial.DeleteApiTest@e8fadb0]" started-at="2019-06-16T07:49:16Z" name="deleteApiTest" finished-at="2019-06-16T07:49:16Z" duration-ms="643" status="PASS">
          <reporter-output>
          </reporter-output>
        </test-method> <!-- deleteApiTest -->
      </class> <!-- com.capgemini.rest.tests.initial.DeleteApiTest -->
      <class name="com.capgemini.tests.search.SearchArticlesTest">
        <test-method is-config="true" signature="beforeTest(com.capgemini.manager.DriverType, java.lang.String)[pri:0, instance:com.capgemini.tests.search.SearchArticlesTest@2873d672]" started-at="2019-06-16T07:49:04Z" name="beforeTest" finished-at="2019-06-16T07:49:07Z" duration-ms="3031" status="PASS">
          <params>
            <param index="0">
              <value>
                <![CDATA[CH]]>
              </value>
            </param>
            <param index="1">
              <value>
                <![CDATA[false]]>
              </value>
            </param>
          </params>
          <reporter-output>
          </reporter-output>
        </test-method> <!-- beforeTest -->
        <test-method signature="asCustomerSearchForArticle()[pri:0, instance:com.capgemini.tests.search.SearchArticlesTest@2873d672]" started-at="2019-06-16T07:49:07Z" name="asCustomerSearchForArticle" finished-at="2019-06-16T07:49:13Z" duration-ms="5834" status="FAIL">
          <exception class="java.lang.AssertionError">
            <message>
              <![CDATA[Article name should be Dress expected [Dress] but found [Printed Summer Dress]]]>
            </message>
            <full-stacktrace>
              <![CDATA[java.lang.AssertionError: Article name should be Dress expected [Dress] but found [Printed Summer Dress]
at org.testng.Assert.fail(Assert.java:96)
at org.testng.Assert.failNotEquals(Assert.java:776)
at org.testng.Assert.assertEqualsImpl(Assert.java:137)
at org.testng.Assert.assertEquals(Assert.java:118)
at org.testng.Assert.assertEquals(Assert.java:453)
at com.capgemini.page.objects.SearchResultsPage.assertThatArticleNameIs_aroundBody0(SearchResultsPage.java:24)
at com.capgemini.page.objects.SearchResultsPage$AjcClosure1.run(SearchResultsPage.java:1)
at org.aspectj.runtime.reflect.JoinPointImpl.proceed(JoinPointImpl.java:149)
at io.qameta.allure.aspects.StepsAspects.step(StepsAspects.java:51)
at com.capgemini.page.objects.SearchResultsPage.assertThatArticleNameIs(SearchResultsPage.java:23)
at com.capgemini.tests.search.SearchArticlesTest.asCustomerSearchForArticle(SearchArticlesTest.java:16)
at java.base/jdk.internal.reflect.NativeMethodAccessorImpl.invoke0(Native Method)
at java.base/jdk.internal.reflect.NativeMethodAccessorImpl.invoke(NativeMethodAccessorImpl.java:62)
at java.base/jdk.internal.reflect.DelegatingMethodAccessorImpl.invoke(DelegatingMethodAccessorImpl.java:43)
at java.base/java.lang.reflect.Method.invoke(Method.java:564)
at org.testng.internal.MethodInvocationHelper.invokeMethod(MethodInvocationHelper.java:124)
at org.testng.internal.Invoker.invokeMethod(Invoker.java:583)
at org.testng.internal.Invoker.invokeTestMethod(Invoker.java:719)
at org.testng.internal.Invoker.invokeTestMethods(Invoker.java:989)
at org.testng.internal.TestMethodWorker.invokeTestMethods(TestMethodWorker.java:125)
at org.testng.internal.TestMethodWorker.run(TestMethodWorker.java:109)
at org.testng.TestRunner.privateRun(TestRunner.java:648)
at org.testng.TestRunner.run(TestRunner.java:505)
at org.testng.SuiteRunner.runTest(SuiteRunner.java:455)
at org.testng.SuiteRunner.runSequentially(SuiteRunner.java:450)
at org.testng.SuiteRunner.privateRun(SuiteRunner.java:415)
at org.testng.SuiteRunner.run(SuiteRunner.java:364)
at org.testng.SuiteRunnerWorker.runSuite(SuiteRunnerWorker.java:52)
at org.testng.SuiteRunnerWorker.run(SuiteRunnerWorker.java:84)
at org.testng.TestNG.runSuitesSequentially(TestNG.java:1208)
at org.testng.TestNG.runSuitesLocally(TestNG.java:1137)
at org.testng.TestNG.runSuites(TestNG.java:1049)
at org.testng.TestNG.run(TestNG.java:1017)
at org.apache.maven.surefire.testng.TestNGExecutor.run(TestNGExecutor.java:135)
at org.apache.maven.surefire.testng.TestNGDirectoryTestSuite.executeMulti(TestNGDirectoryTestSuite.java:193)
at org.apache.maven.surefire.testng.TestNGDirectoryTestSuite.execute(TestNGDirectoryTestSuite.java:94)
at org.apache.maven.surefire.testng.TestNGProvider.invoke(TestNGProvider.java:146)
at org.apache.maven.surefire.booter.ForkedBooter.invokeProviderInSameClassLoader(ForkedBooter.java:379)
at org.apache.maven.surefire.booter.ForkedBooter.runSuitesInProcess(ForkedBooter.java:340)
at org.apache.maven.surefire.booter.ForkedBooter.execute(ForkedBooter.java:125)
at org.apache.maven.surefire.booter.ForkedBooter.main(ForkedBooter.java:413)
]]>
            </full-stacktrace>
          </exception> <!-- java.lang.AssertionError -->
          <reporter-output>
          </reporter-output>
        </test-method> <!-- asCustomerSearchForArticle -->
        <test-method is-config="true" signature="afterTest()[pri:0, instance:com.capgemini.tests.search.SearchArticlesTest@2873d672]" started-at="2019-06-16T07:49:13Z" name="afterTest" finished-at="2019-06-16T07:49:13Z" duration-ms="647" status="PASS">
          <reporter-output>
          </reporter-output>
        </test-method> <!-- afterTest -->
      </class> <!-- com.capgemini.tests.search.SearchArticlesTest -->
      <class name="com.capgemini.tests.petstore.search.PetStoreSearchTests">
        <test-method is-config="true" signature="beforeTest(com.capgemini.manager.DriverType, java.lang.String)[pri:0, instance:com.capgemini.tests.petstore.search.PetStoreSearchTests@464a4442]" started-at="2019-06-16T07:48:52Z" name="beforeTest" finished-at="2019-06-16T07:48:57Z" duration-ms="4671" status="PASS">
          <params>
            <param index="0">
              <value>
                <![CDATA[CH]]>
              </value>
            </param>
            <param index="1">
              <value>
                <![CDATA[false]]>
              </value>
            </param>
          </params>
          <reporter-output>
          </reporter-output>
        </test-method> <!-- beforeTest -->
        <test-method signature="asNonRegisteredUserSearchForArticleInPetStoreTest(java.lang.String, java.util.List)[pri:0, instance:com.capgemini.tests.petstore.search.PetStoreSearchTests@464a4442]" started-at="2019-06-16T07:48:57Z" name="asNonRegisteredUserSearchForArticleInPetStoreTest" data-provider="petsToSearch" finished-at="2019-06-16T07:48:58Z" duration-ms="1055" status="PASS">
          <params>
            <param index="0">
              <value>
                <![CDATA[Fish]]>
              </value>
            </param>
            <param index="1">
              <value>
                <![CDATA[[Goldfish, Angelfish]]]>
              </value>
            </param>
          </params>
          <reporter-output>
          </reporter-output>
        </test-method> <!-- asNonRegisteredUserSearchForArticleInPetStoreTest -->
        <test-method is-config="true" signature="afterTest()[pri:0, instance:com.capgemini.tests.petstore.search.PetStoreSearchTests@464a4442]" started-at="2019-06-16T07:48:58Z" name="afterTest" finished-at="2019-06-16T07:48:58Z" duration-ms="650" status="PASS">
          <reporter-output>
          </reporter-output>
        </test-method> <!-- afterTest -->
        <test-method is-config="true" signature="beforeTest(com.capgemini.manager.DriverType, java.lang.String)[pri:0, instance:com.capgemini.tests.petstore.search.PetStoreSearchTests@464a4442]" started-at="2019-06-16T07:48:58Z" name="beforeTest" finished-at="2019-06-16T07:49:02Z" duration-ms="3069" status="PASS">
          <params>
            <param index="0">
              <value>
                <![CDATA[CH]]>
              </value>
            </param>
            <param index="1">
              <value>
                <![CDATA[false]]>
              </value>
            </param>
          </params>
          <reporter-output>
          </reporter-output>
        </test-method> <!-- beforeTest -->
        <test-method signature="asNonRegisteredUserSearchForArticleInPetStoreTest(java.lang.String, java.util.List)[pri:0, instance:com.capgemini.tests.petstore.search.PetStoreSearchTests@464a4442]" started-at="2019-06-16T07:49:02Z" name="asNonRegisteredUserSearchForArticleInPetStoreTest" data-provider="petsToSearch" finished-at="2019-06-16T07:49:02Z" duration-ms="757" status="PASS">
          <params>
            <param index="0">
              <value>
                <![CDATA[Retriever]]>
              </value>
            </param>
            <param index="1">
              <value>
                <![CDATA[[Golden Retriever, Labrador Retriever]]]>
              </value>
            </param>
          </params>
          <reporter-output>
          </reporter-output>
        </test-method> <!-- asNonRegisteredUserSearchForArticleInPetStoreTest -->
        <test-method is-config="true" signature="afterTest()[pri:0, instance:com.capgemini.tests.petstore.search.PetStoreSearchTests@464a4442]" started-at="2019-06-16T07:49:02Z" name="afterTest" finished-at="2019-06-16T07:49:03Z" duration-ms="631" status="PASS">
          <reporter-output>
          </reporter-output>
        </test-method> <!-- afterTest -->
      </class> <!-- com.capgemini.tests.petstore.search.PetStoreSearchTests -->
      <class name="com.capgemini.rest.tests.initial.PostApiTest">
        <test-method signature="postApiTest()[pri:0, instance:com.capgemini.rest.tests.initial.PostApiTest@53667cbe]" started-at="2019-06-16T07:49:17Z" name="postApiTest" finished-at="2019-06-16T07:49:18Z" duration-ms="676" status="PASS">
          <reporter-output>
          </reporter-output>
        </test-method> <!-- postApiTest -->
      </class> <!-- com.capgemini.rest.tests.initial.PostApiTest -->
      <class name="com.capgemini.rest.tests.initial.GetApiTest">
        <test-method signature="getApiTest()[pri:0, instance:com.capgemini.rest.tests.initial.GetApiTest@6d64b553]" started-at="2019-06-16T07:49:16Z" name="getApiTest" finished-at="2019-06-16T07:49:17Z" duration-ms="675" status="FAIL">
          <exception class="java.lang.AssertionError">
            <message>
              <![CDATA[1 expectation failed.
Expected status code <200> but was <404>.
]]>
            </message>
            <full-stacktrace>
              <![CDATA[java.lang.AssertionError: 1 expectation failed.
Expected status code <200> but was <404>.

at java.base/jdk.internal.reflect.NativeConstructorAccessorImpl.newInstance0(Native Method)
at java.base/jdk.internal.reflect.NativeConstructorAccessorImpl.newInstance(NativeConstructorAccessorImpl.java:62)
at java.base/jdk.internal.reflect.DelegatingConstructorAccessorImpl.newInstance(DelegatingConstructorAccessorImpl.java:45)
at java.base/java.lang.reflect.Constructor.newInstance(Constructor.java:488)
at org.codehaus.groovy.reflection.CachedConstructor.invoke(CachedConstructor.java:83)
at org.codehaus.groovy.reflection.CachedConstructor.doConstructorInvoke(CachedConstructor.java:77)
at org.codehaus.groovy.runtime.callsite.ConstructorSite$ConstructorSiteNoUnwrap.callConstructor(ConstructorSite.java:84)
at org.codehaus.groovy.runtime.callsite.CallSiteArray.defaultCallConstructor(CallSiteArray.java:59)
at org.codehaus.groovy.runtime.callsite.AbstractCallSite.callConstructor(AbstractCallSite.java:238)
at org.codehaus.groovy.runtime.callsite.AbstractCallSite.callConstructor(AbstractCallSite.java:250)
at io.restassured.internal.ResponseSpecificationImpl$HamcrestAssertionClosure.validate(ResponseSpecificationImpl.groovy:483)
at io.restassured.internal.ResponseSpecificationImpl$HamcrestAssertionClosure$validate$1.call(Unknown Source)
at io.restassured.internal.ResponseSpecificationImpl.validateResponseIfRequired(ResponseSpecificationImpl.groovy:655)
at java.base/jdk.internal.reflect.NativeMethodAccessorImpl.invoke0(Native Method)
at java.base/jdk.internal.reflect.NativeMethodAccessorImpl.invoke(NativeMethodAccessorImpl.java:62)
at java.base/jdk.internal.reflect.DelegatingMethodAccessorImpl.invoke(DelegatingMethodAccessorImpl.java:43)
at java.base/java.lang.reflect.Method.invoke(Method.java:564)
at org.codehaus.groovy.runtime.callsite.PogoMetaMethodSite$PogoCachedMethodSiteNoUnwrapNoCoerce.invoke(PogoMetaMethodSite.java:210)
at org.codehaus.groovy.runtime.callsite.PogoMetaMethodSite.callCurrent(PogoMetaMethodSite.java:59)
at org.codehaus.groovy.runtime.callsite.AbstractCallSite.callCurrent(AbstractCallSite.java:169)
at io.restassured.internal.ResponseSpecificationImpl.statusCode(ResponseSpecificationImpl.groovy:123)
at io.restassured.specification.ResponseSpecification$statusCode$0.callCurrent(Unknown Source)
at io.restassured.internal.ResponseSpecificationImpl.statusCode(ResponseSpecificationImpl.groovy:131)
at io.restassured.internal.ValidatableResponseOptionsImpl.statusCode(ValidatableResponseOptionsImpl.java:119)
at com.capgemini.rest.tests.initial.GetApiTest.getApiTest(GetApiTest.java:23)
at java.base/jdk.internal.reflect.NativeMethodAccessorImpl.invoke0(Native Method)
at java.base/jdk.internal.reflect.NativeMethodAccessorImpl.invoke(NativeMethodAccessorImpl.java:62)
at java.base/jdk.internal.reflect.DelegatingMethodAccessorImpl.invoke(DelegatingMethodAccessorImpl.java:43)
at java.base/java.lang.reflect.Method.invoke(Method.java:564)
at org.testng.internal.MethodInvocationHelper.invokeMethod(MethodInvocationHelper.java:124)
at org.testng.internal.Invoker.invokeMethod(Invoker.java:583)
at org.testng.internal.Invoker.invokeTestMethod(Invoker.java:719)
at org.testng.internal.Invoker.invokeTestMethods(Invoker.java:989)
at org.testng.internal.TestMethodWorker.invokeTestMethods(TestMethodWorker.java:125)
at org.testng.internal.TestMethodWorker.run(TestMethodWorker.java:109)
at org.testng.TestRunner.privateRun(TestRunner.java:648)
at org.testng.TestRunner.run(TestRunner.java:505)
at org.testng.SuiteRunner.runTest(SuiteRunner.java:455)
at org.testng.SuiteRunner.runSequentially(SuiteRunner.java:450)
at org.testng.SuiteRunner.privateRun(SuiteRunner.java:415)
at org.testng.SuiteRunner.run(SuiteRunner.java:364)
at org.testng.SuiteRunnerWorker.runSuite(SuiteRunnerWorker.java:52)
at org.testng.SuiteRunnerWorker.run(SuiteRunnerWorker.java:84)
at org.testng.TestNG.runSuitesSequentially(TestNG.java:1208)
at org.testng.TestNG.runSuitesLocally(TestNG.java:1137)
at org.testng.TestNG.runSuites(TestNG.java:1049)
at org.testng.TestNG.run(TestNG.java:1017)
at org.apache.maven.surefire.testng.TestNGExecutor.run(TestNGExecutor.java:135)
at org.apache.maven.surefire.testng.TestNGDirectoryTestSuite.executeMulti(TestNGDirectoryTestSuite.java:193)
at org.apache.maven.surefire.testng.TestNGDirectoryTestSuite.execute(TestNGDirectoryTestSuite.java:94)
at org.apache.maven.surefire.testng.TestNGProvider.invoke(TestNGProvider.java:146)
at org.apache.maven.surefire.booter.ForkedBooter.invokeProviderInSameClassLoader(ForkedBooter.java:379)
at org.apache.maven.surefire.booter.ForkedBooter.runSuitesInProcess(ForkedBooter.java:340)
at org.apache.maven.surefire.booter.ForkedBooter.execute(ForkedBooter.java:125)
at org.apache.maven.surefire.booter.ForkedBooter.main(ForkedBooter.java:413)
]]>
            </full-stacktrace>
          </exception> <!-- java.lang.AssertionError -->
          <reporter-output>
          </reporter-output>
        </test-method> <!-- getApiTest -->
      </class> <!-- com.capgemini.rest.tests.initial.GetApiTest -->
      <class name="com.capgemini.tests.login.LoginTest">
        <test-method is-config="true" signature="beforeTest(com.capgemini.manager.DriverType, java.lang.String)[pri:0, instance:com.capgemini.tests.login.LoginTest@6eafb10e]" started-at="2019-06-16T07:49:19Z" name="beforeTest" finished-at="2019-06-16T07:49:22Z" duration-ms="3046" status="PASS">
          <params>
            <param index="0">
              <value>
                <![CDATA[CH]]>
              </value>
            </param>
            <param index="1">
              <value>
                <![CDATA[false]]>
              </value>
            </param>
          </params>
          <reporter-output>
          </reporter-output>
        </test-method> <!-- beforeTest -->
        <test-method signature="asUserTryToLoginWithIncorrectCredentialsTest()[pri:0, instance:com.capgemini.tests.login.LoginTest@6eafb10e]" started-at="2019-06-16T07:49:22Z" name="asUserTryToLoginWithIncorrectCredentialsTest" finished-at="2019-06-16T07:49:26Z" duration-ms="4270" status="PASS">
          <reporter-output>
          </reporter-output>
        </test-method> <!-- asUserTryToLoginWithIncorrectCredentialsTest -->
        <test-method is-config="true" signature="afterTest()[pri:0, instance:com.capgemini.tests.login.LoginTest@6eafb10e]" started-at="2019-06-16T07:49:26Z" name="afterTest" finished-at="2019-06-16T07:49:27Z" duration-ms="680" status="PASS">
          <reporter-output>
          </reporter-output>
        </test-method> <!-- afterTest -->
      </class> <!-- com.capgemini.tests.login.LoginTest -->
      <class name="com.capgemini.rest.tests.initial.PutApiTest">
        <test-method is-config="true" signature="beforeMethod()[pri:0, instance:com.capgemini.rest.tests.initial.PutApiTest@1d3e6d34]" started-at="2019-06-16T07:49:18Z" name="beforeMethod" finished-at="2019-06-16T07:49:18Z" duration-ms="629" status="PASS">
          <reporter-output>
          </reporter-output>
        </test-method> <!-- beforeMethod -->
        <test-method signature="putApiTest()[pri:0, instance:com.capgemini.rest.tests.initial.PutApiTest@1d3e6d34]" started-at="2019-06-16T07:49:18Z" name="putApiTest" finished-at="2019-06-16T07:49:19Z" duration-ms="654" status="PASS">
          <reporter-output>
          </reporter-output>
        </test-method> <!-- putApiTest -->
      </class> <!-- com.capgemini.rest.tests.initial.PutApiTest -->
      <class name="com.capgemini.rest.tests.better.CreatePetTests">
        <test-method is-config="true" signature="beforeSuite()[pri:0, instance:com.capgemini.rest.tests.better.CreatePetTests@203dd56b]" started-at="2019-06-16T07:48:47Z" name="beforeSuite" finished-at="2019-06-16T07:48:48Z" duration-ms="795" status="PASS">
          <reporter-output>
          </reporter-output>
        </test-method> <!-- beforeSuite -->
        <test-method is-config="true" signature="beforeMethod()[pri:0, instance:com.capgemini.rest.tests.better.CreatePetTests@203dd56b]" started-at="2019-06-16T07:48:48Z" name="beforeMethod" finished-at="2019-06-16T07:48:48Z" duration-ms="259" status="PASS">
          <reporter-output>
          </reporter-output>
        </test-method> <!-- beforeMethod -->
        <test-method signature="asUserCreateNewPetTest()[pri:0, instance:com.capgemini.rest.tests.better.CreatePetTests@203dd56b]" started-at="2019-06-16T07:48:48Z" name="asUserCreateNewPetTest" finished-at="2019-06-16T07:48:52Z" duration-ms="3812" status="PASS">
          <reporter-output>
          </reporter-output>
        </test-method> <!-- asUserCreateNewPetTest -->
        <test-method is-config="true" signature="beforeMethod()[pri:0, instance:com.capgemini.rest.tests.better.CreatePetTests@203dd56b]" started-at="2019-06-16T07:49:03Z" name="beforeMethod" finished-at="2019-06-16T07:49:03Z" duration-ms="2" status="PASS">
          <reporter-output>
          </reporter-output>
        </test-method> <!-- beforeMethod -->
        <test-method signature="asUserGetCreatedPetTest()[pri:0, instance:com.capgemini.rest.tests.better.CreatePetTests@203dd56b]" started-at="2019-06-16T07:49:03Z" name="asUserGetCreatedPetTest" finished-at="2019-06-16T07:49:04Z" depends-on-methods="com.capgemini.rest.tests.better.CreatePetTests.asUserCreateNewPetTest" duration-ms="793" status="PASS">
          <reporter-output>
          </reporter-output>
        </test-method> <!-- asUserGetCreatedPetTest -->
        <test-method is-config="true" signature="beforeMethod()[pri:0, instance:com.capgemini.rest.tests.better.CreatePetTests@203dd56b]" started-at="2019-06-16T07:49:13Z" name="beforeMethod" finished-at="2019-06-16T07:49:13Z" duration-ms="2" status="PASS">
          <reporter-output>
          </reporter-output>
        </test-method> <!-- beforeMethod -->
        <test-method signature="asUserUpdateCreatedPetTest()[pri:0, instance:com.capgemini.rest.tests.better.CreatePetTests@203dd56b]" started-at="2019-06-16T07:49:13Z" name="asUserUpdateCreatedPetTest" finished-at="2019-06-16T07:49:14Z" depends-on-methods="com.capgemini.rest.tests.better.CreatePetTests.asUserGetCreatedPetTest" duration-ms="941" status="PASS">
          <reporter-output>
          </reporter-output>
        </test-method> <!-- asUserUpdateCreatedPetTest -->
        <test-method is-config="true" signature="beforeMethod()[pri:0, instance:com.capgemini.rest.tests.better.CreatePetTests@203dd56b]" started-at="2019-06-16T07:49:14Z" name="beforeMethod" finished-at="2019-06-16T07:49:14Z" duration-ms="1" status="PASS">
          <reporter-output>
          </reporter-output>
        </test-method> <!-- beforeMethod -->
        <test-method signature="asUserDeleteCreatedPetTest()[pri:0, instance:com.capgemini.rest.tests.better.CreatePetTests@203dd56b]" started-at="2019-06-16T07:49:14Z" name="asUserDeleteCreatedPetTest" finished-at="2019-06-16T07:49:15Z" depends-on-methods="com.capgemini.rest.tests.better.CreatePetTests.asUserUpdateCreatedPetTest" duration-ms="709" status="PASS">
          <reporter-output>
          </reporter-output>
        </test-method> <!-- asUserDeleteCreatedPetTest -->
      </class> <!-- com.capgemini.rest.tests.better.CreatePetTests -->
    </test> <!-- Surefire test -->
  </suite> <!-- Surefire suite -->
</testng-results>
